Using pre-set license
Built from '2021.3/staging' branch; Version is '2021.3.16f1 (4016570cf34f) revision 4200023'; Using compiler version '192829333'; Build Type 'Release'
OS: 'Windows 11  (10.0.22621) 64bit CoreSingleLanguage' Language: 'es' Physical Memory: 16196 MB
BatchMode: 1, IsHumanControllingUs: 0, StartBugReporterOnCrash: 0, Is64bit: 1, IsPro: 1

COMMAND LINE ARGUMENTS:
C:\Program Files\Unity\Hub\Editor\2021.3.16f1\Editor\Unity.exe
-adb2
-batchMode
-noUpm
-name
AssetImportWorker3
-projectPath
D:/Mariana/Especialidad/06-Hapticos/DispositivosHapticos/Unity_Connectivity-Implementation-master
-logFile
Logs/AssetImportWorker3.log
-srvPort
64068
Successfully changed project path to: D:/Mariana/Especialidad/06-Hapticos/DispositivosHapticos/Unity_Connectivity-Implementation-master
D:/Mariana/Especialidad/06-Hapticos/DispositivosHapticos/Unity_Connectivity-Implementation-master
[UnityMemory] Configuration Parameters - Can be set up in boot.config
    "memorysetup-bucket-allocator-granularity=16"
    "memorysetup-bucket-allocator-bucket-count=8"
    "memorysetup-bucket-allocator-block-size=33554432"
    "memorysetup-bucket-allocator-block-count=8"
    "memorysetup-main-allocator-block-size=16777216"
    "memorysetup-thread-allocator-block-size=16777216"
    "memorysetup-gfx-main-allocator-block-size=16777216"
    "memorysetup-gfx-thread-allocator-block-size=16777216"
    "memorysetup-cache-allocator-block-size=4194304"
    "memorysetup-typetree-allocator-block-size=2097152"
    "memorysetup-profiler-bucket-allocator-granularity=16"
    "memorysetup-profiler-bucket-allocator-bucket-count=8"
    "memorysetup-profiler-bucket-allocator-block-size=33554432"
    "memorysetup-profiler-bucket-allocator-block-count=8"
    "memorysetup-profiler-allocator-block-size=16777216"
    "memorysetup-profiler-editor-allocator-block-size=1048576"
    "memorysetup-temp-allocator-size-main=16777216"
    "memorysetup-job-temp-allocator-block-size=2097152"
    "memorysetup-job-temp-allocator-block-size-background=1048576"
    "memorysetup-job-temp-allocator-reduction-small-platforms=262144"
    "memorysetup-temp-allocator-size-background-worker=32768"
    "memorysetup-temp-allocator-size-job-worker=262144"
    "memorysetup-temp-allocator-size-preload-manager=33554432"
    "memorysetup-temp-allocator-size-nav-mesh-worker=65536"
    "memorysetup-temp-allocator-size-audio-worker=65536"
    "memorysetup-temp-allocator-size-cloud-worker=32768"
    "memorysetup-temp-allocator-size-gi-baking-worker=262144"
    "memorysetup-temp-allocator-size-gfx=262144"
Player connection [19132] Host "[IP] 192.168.68.116 [Port] 0 [Flags] 2 [Guid] 419475450 [EditorId] 419475450 [Version] 1048832 [Id] WindowsEditor(7,DESKTOP-4VQ8030) [Debug] 1 [PackageName] WindowsEditor [ProjectName] Editor" joined multi-casting on [225.0.0.222:54997]...

Player connection [19132] Host "[IP] 192.168.68.116 [Port] 0 [Flags] 2 [Guid] 419475450 [EditorId] 419475450 [Version] 1048832 [Id] WindowsEditor(7,DESKTOP-4VQ8030) [Debug] 1 [PackageName] WindowsEditor [ProjectName] Editor" joined alternative multi-casting on [225.0.0.222:34997]...

Refreshing native plugins compatible for Editor in 70.78 ms, found 4 plugins.
Preloading 0 native plugins for Editor in 0.00 ms.
Initialize engine version: 2021.3.16f1 (4016570cf34f)
[Subsystems] Discovering subsystems at path C:/Program Files/Unity/Hub/Editor/2021.3.16f1/Editor/Data/Resources/UnitySubsystems
[Subsystems] Discovering subsystems at path D:/Mariana/Especialidad/06-Hapticos/DispositivosHapticos/Unity_Connectivity-Implementation-master/Assets
GfxDevice: creating device client; threaded=0; jobified=0
Direct3D:
    Version:  Direct3D 11.0 [level 11.1]
    Renderer: NVIDIA GeForce RTX 2060 (ID=0x1f11)
    Vendor:   NVIDIA
    VRAM:     5968 MB
    Driver:   31.0.15.2737
Initialize mono
Mono path[0] = 'C:/Program Files/Unity/Hub/Editor/2021.3.16f1/Editor/Data/Managed'
Mono path[1] = 'C:/Program Files/Unity/Hub/Editor/2021.3.16f1/Editor/Data/MonoBleedingEdge/lib/mono/unityjit-win32'
Mono config path = 'C:/Program Files/Unity/Hub/Editor/2021.3.16f1/Editor/Data/MonoBleedingEdge/etc'
Using monoOptions --debugger-agent=transport=dt_socket,embedding=1,server=y,suspend=n,address=127.0.0.1:56336
Begin MonoManager ReloadAssembly
Registering precompiled unity dll's ...
Register platform support module: C:/Program Files/Unity/Hub/Editor/2021.3.16f1/Editor/Data/PlaybackEngines/WebGLSupport/UnityEditor.WebGL.Extensions.dll
Register platform support module: C:/Program Files/Unity/Hub/Editor/2021.3.16f1/Editor/Data/PlaybackEngines/WindowsStandaloneSupport/UnityEditor.WindowsStandalone.Extensions.dll
Registered in 0.005015 seconds.
Native extension for WindowsStandalone target not found
Native extension for WebGL target not found
Refreshing native plugins compatible for Editor in 38.46 ms, found 4 plugins.
Preloading 0 native plugins for Editor in 0.00 ms.
Mono: successfully reloaded assembly
- Completed reload, in  0.601 seconds
Domain Reload Profiling:
	ReloadAssembly (605ms)
		BeginReloadAssembly (74ms)
			ExecutionOrderSort (0ms)
			DisableScriptedObjects (0ms)
			BackupInstance (0ms)
			ReleaseScriptingObjects (0ms)
			CreateAndSetChildDomain (1ms)
		EndReloadAssembly (410ms)
			LoadAssemblies (69ms)
			RebuildTransferFunctionScriptingTraits (0ms)
			SetupTypeCache (102ms)
			ReleaseScriptCaches (0ms)
			RebuildScriptCaches (29ms)
			SetupLoadedEditorAssemblies (229ms)
				LogAssemblyErrors (0ms)
				InitializePlatformSupportModulesInManaged (9ms)
				SetLoadedEditorAssemblies (0ms)
				RefreshPlugins (39ms)
				BeforeProcessingInitializeOnLoad (1ms)
				ProcessInitializeOnLoadAttributes (135ms)
				ProcessInitializeOnLoadMethodAttributes (46ms)
				AfterProcessingInitializeOnLoad (0ms)
				EditorAssembliesLoaded (0ms)
			ExecutionOrderSort2 (0ms)
			AwakeInstancesAfterBackupRestoration (0ms)
Platform modules already initialized, skipping
Registering precompiled user dll's ...
Registered in 0.004706 seconds.
Begin MonoManager ReloadAssembly
Native extension for WindowsStandalone target not found
Native extension for WebGL target not found
Refreshing native plugins compatible for Editor in 0.65 ms, found 4 plugins.
Preloading 0 native plugins for Editor in 0.00 ms.
Package Manager log level set to [2]
Mono: successfully reloaded assembly
- Completed reload, in  1.007 seconds
Domain Reload Profiling:
	ReloadAssembly (1008ms)
		BeginReloadAssembly (105ms)
			ExecutionOrderSort (0ms)
			DisableScriptedObjects (6ms)
			BackupInstance (0ms)
			ReleaseScriptingObjects (0ms)
			CreateAndSetChildDomain (19ms)
		EndReloadAssembly (792ms)
			LoadAssemblies (78ms)
			RebuildTransferFunctionScriptingTraits (0ms)
			SetupTypeCache (182ms)
			ReleaseScriptCaches (1ms)
			RebuildScriptCaches (48ms)
			SetupLoadedEditorAssemblies (447ms)
				LogAssemblyErrors (0ms)
				InitializePlatformSupportModulesInManaged (6ms)
				SetLoadedEditorAssemblies (0ms)
				RefreshPlugins (1ms)
				BeforeProcessingInitializeOnLoad (72ms)
				ProcessInitializeOnLoadAttributes (230ms)
				ProcessInitializeOnLoadMethodAttributes (133ms)
				AfterProcessingInitializeOnLoad (6ms)
				EditorAssembliesLoaded (0ms)
			ExecutionOrderSort2 (0ms)
			AwakeInstancesAfterBackupRestoration (6ms)
Platform modules already initialized, skipping
========================================================================
Worker process is ready to serve import requests
Launched and connected shader compiler UnityShaderCompiler.exe after 0.04 seconds
Refreshing native plugins compatible for Editor in 0.65 ms, found 4 plugins.
Preloading 0 native plugins for Editor in 0.00 ms.
Unloading 2460 Unused Serialized files (Serialized files now loaded: 0)
Unloading 62 unused Assets / (57.2 KB). Loaded Objects now: 2894.
Memory consumption went from 96.1 MB to 96.0 MB.
Total: 6.090100 ms (FindLiveObjects: 0.203500 ms CreateObjectMapping: 0.128000 ms MarkObjects: 5.647000 ms  DeleteObjects: 0.110600 ms)

AssetImportParameters requested are different than current active one (requested -> active):
  custom:video-decoder-ogg-theora: a1e56fd34408186e4bbccfd4996cb3dc -> 
  custom:container-muxer-webm: aa71ff27fc2769a1b78a27578f13a17b -> 
  custom:container-demuxer-webm: 4f35f7cbe854078d1ac9338744f61a02 -> 
  custom:video-encoder-webm-vp8: eb34c28f22e8b96e1ab97ce403110664 -> 
  custom:audio-encoder-webm-vorbis: bf7c407c2cedff20999df2af8eb42d56 -> 
  custom:framework-win-MediaFoundation: 216162199b28c13a410421893ffa2e32 -> 
  custom:container-demuxer-ogg: 62fdf1f143b41e24485cea50d1cbac27 -> 
  custom:video-decoder-webm-vp8: 9c59270c3fd7afecdb556c50c9e8de78 -> 
  custom:audio-decoder-ogg-vorbis: bf7c407c2cedff20999df2af8eb42d56 -> 
========================================================================
Received Prepare
Registering precompiled user dll's ...
Registered in 0.005165 seconds.
Begin MonoManager ReloadAssembly
Native extension for WindowsStandalone target not found
Native extension for WebGL target not found
Refreshing native plugins compatible for Editor in 0.84 ms, found 5 plugins.
Preloading 0 native plugins for Editor in 0.00 ms.
[ScriptCompilation] NOT recompiling all scripts because this is an import worker process. Reason to compile was: Define symbols changed
Mono: successfully reloaded assembly
- Completed reload, in  1.160 seconds
Domain Reload Profiling:
	ReloadAssembly (1161ms)
		BeginReloadAssembly (140ms)
			ExecutionOrderSort (0ms)
			DisableScriptedObjects (11ms)
			BackupInstance (0ms)
			ReleaseScriptingObjects (0ms)
			CreateAndSetChildDomain (36ms)
		EndReloadAssembly (922ms)
			LoadAssemblies (90ms)
			RebuildTransferFunctionScriptingTraits (0ms)
			SetupTypeCache (223ms)
			ReleaseScriptCaches (1ms)
			RebuildScriptCaches (58ms)
			SetupLoadedEditorAssemblies (495ms)
				LogAssemblyErrors (0ms)
				InitializePlatformSupportModulesInManaged (15ms)
				SetLoadedEditorAssemblies (1ms)
				RefreshPlugins (1ms)
				BeforeProcessingInitializeOnLoad (68ms)
				ProcessInitializeOnLoadAttributes (247ms)
				ProcessInitializeOnLoadMethodAttributes (157ms)
				AfterProcessingInitializeOnLoad (6ms)
				EditorAssembliesLoaded (0ms)
			ExecutionOrderSort2 (0ms)
			AwakeInstancesAfterBackupRestoration (7ms)
Platform modules already initialized, skipping
Refreshing native plugins compatible for Editor in 6.21 ms, found 5 plugins.
Preloading 0 native plugins for Editor in 0.00 ms.
Unloading 3027 Unused Serialized files (Serialized files now loaded: 0)
Unloading 87 unused Assets / (2.5 MB). Loaded Objects now: 3447.
Memory consumption went from 116.8 MB to 114.3 MB.
Total: 7.609000 ms (FindLiveObjects: 0.232100 ms CreateObjectMapping: 0.150000 ms MarkObjects: 6.000100 ms  DeleteObjects: 1.225700 ms)

AssetImportParameters requested are different than current active one (requested -> active):
  custom:video-decoder-ogg-theora: a1e56fd34408186e4bbccfd4996cb3dc -> 
  custom:container-muxer-webm: aa71ff27fc2769a1b78a27578f13a17b -> 
  custom:container-demuxer-webm: 4f35f7cbe854078d1ac9338744f61a02 -> 
  custom:video-encoder-webm-vp8: eb34c28f22e8b96e1ab97ce403110664 -> 
  custom:audio-encoder-webm-vorbis: bf7c407c2cedff20999df2af8eb42d56 -> 
  custom:framework-win-MediaFoundation: 216162199b28c13a410421893ffa2e32 -> 
  custom:container-demuxer-ogg: 62fdf1f143b41e24485cea50d1cbac27 -> 
  custom:video-decoder-webm-vp8: 9c59270c3fd7afecdb556c50c9e8de78 -> 
  custom:audio-decoder-ogg-vorbis: bf7c407c2cedff20999df2af8eb42d56 -> 
========================================================================
Received Import Request.
  Time since last request: 2743438.289271 seconds.
  path: Assets/Obi/Samples/Softbody/SampleResources/Models/Barrel.obj
  artifactKey: Guid(3fe48b0453be549ca98eb98e77175fd1) Importer(815301076,1909f56bfc062723c751e8b465ee728b)
Start importing Assets/Obi/Samples/Softbody/SampleResources/Models/Barrel.obj using Guid(3fe48b0453be549ca98eb98e77175fd1) Importer(815301076,1909f56bfc062723c751e8b465ee728b)  -> (artifact id: '69199d030dea981531835dd58eafcb71') in 0.180948 seconds 
========================================================================
Received Import Request.
  Time since last request: 0.000028 seconds.
  path: Assets/Obi/Samples/Cloth/SampleResources/Models/Ball.fbx
  artifactKey: Guid(37d82da0e646e40f1966f6668cc64891) Importer(815301076,1909f56bfc062723c751e8b465ee728b)
Start importing Assets/Obi/Samples/Cloth/SampleResources/Models/Ball.fbx using Guid(37d82da0e646e40f1966f6668cc64891) Importer(815301076,1909f56bfc062723c751e8b465ee728b)  -> (artifact id: '972432a3ef2530babaf2fe05c840f501') in 0.034167 seconds 
========================================================================
Received Import Request.
  Time since last request: 0.000030 seconds.
  path: Assets/Obi/Samples/Common/SampleResources/Models/CubicSphere.fbx
  artifactKey: Guid(2aa4d1401124f4f56bec911ef61b4766) Importer(815301076,1909f56bfc062723c751e8b465ee728b)
Start importing Assets/Obi/Samples/Common/SampleResources/Models/CubicSphere.fbx using Guid(2aa4d1401124f4f56bec911ef61b4766) Importer(815301076,1909f56bfc062723c751e8b465ee728b)  -> (artifact id: 'b3d68cb400735490216676035ee58837') in 0.028403 seconds 
========================================================================
Received Import Request.
  Time since last request: 0.000029 seconds.
  path: Assets/Obi/Samples/Fluid/SampleResources/Models/faucet.fbx
  artifactKey: Guid(d36597eeae7404b199d2dec47a0ca071) Importer(815301076,1909f56bfc062723c751e8b465ee728b)
Start importing Assets/Obi/Samples/Fluid/SampleResources/Models/faucet.fbx using Guid(d36597eeae7404b199d2dec47a0ca071) Importer(815301076,1909f56bfc062723c751e8b465ee728b)  -> (artifact id: '61a3d37d6309e248159b20bdc99082a8') in 0.021998 seconds 
========================================================================
Received Import Request.
  Time since last request: 0.000023 seconds.
  path: Assets/Obi/Samples/Cloth/SampleResources/Models/Fan.fbx
  artifactKey: Guid(89e24673c05344d179c516868eb341b8) Importer(815301076,1909f56bfc062723c751e8b465ee728b)
Start importing Assets/Obi/Samples/Cloth/SampleResources/Models/Fan.fbx using Guid(89e24673c05344d179c516868eb341b8) Importer(815301076,1909f56bfc062723c751e8b465ee728b)  -> (artifact id: 'a860128d9614317ae875d60f77a4376e') in 0.059644 seconds 
========================================================================
Received Import Request.
  Time since last request: 0.000024 seconds.
  path: Assets/Obi/Samples/Common/SampleResources/Models/big_guy.fbx
  artifactKey: Guid(7d69ae996f18a49d8aa424ac16a7c1dd) Importer(815301076,1909f56bfc062723c751e8b465ee728b)
Start importing Assets/Obi/Samples/Common/SampleResources/Models/big_guy.fbx using Guid(7d69ae996f18a49d8aa424ac16a7c1dd) Importer(815301076,1909f56bfc062723c751e8b465ee728b)  -> (artifact id: '40d13f30833d914acbe623dbf8a5e5de') in 0.041034 seconds 
========================================================================
Received Import Request.
  Time since last request: 0.000024 seconds.
  path: Assets/Obi/Samples/Fluid/SampleResources/Models/bucket.fbx
  artifactKey: Guid(2ec74bf870d4a47a1bc7bca66faec3cc) Importer(815301076,1909f56bfc062723c751e8b465ee728b)
Start importing Assets/Obi/Samples/Fluid/SampleResources/Models/bucket.fbx using Guid(2ec74bf870d4a47a1bc7bca66faec3cc) Importer(815301076,1909f56bfc062723c751e8b465ee728b)  -> (artifact id: '0c50f23a6daef968db646a66990dae20') in 0.018683 seconds 
========================================================================
Received Import Request.
  Time since last request: 1.827040 seconds.
  path: Assets/Obi/Samples/Fluid/SampleResources/Models/bottle.fbx
  artifactKey: Guid(dbba86d1a3223439ab7ae2ac58d004bd) Importer(815301076,1909f56bfc062723c751e8b465ee728b)
Start importing Assets/Obi/Samples/Fluid/SampleResources/Models/bottle.fbx using Guid(dbba86d1a3223439ab7ae2ac58d004bd) Importer(815301076,1909f56bfc062723c751e8b465ee728b)  -> (artifact id: 'cc46127caeb0ee8fb6a236b1daa7ddb9') in 0.017010 seconds 
========================================================================
Received Import Request.
  Time since last request: 0.000019 seconds.
  path: Assets/Obi/Samples/Cloth/SampleResources/Models/Sail.fbx
  artifactKey: Guid(f3e229bc39a1c4b09b1973451d6b8812) Importer(815301076,1909f56bfc062723c751e8b465ee728b)
Start importing Assets/Obi/Samples/Cloth/SampleResources/Models/Sail.fbx using Guid(f3e229bc39a1c4b09b1973451d6b8812) Importer(815301076,1909f56bfc062723c751e8b465ee728b)  -> (artifact id: 'af5a6714e9dbc75d3839770d3b57bfc0') in 0.017343 seconds 
========================================================================
Received Import Request.
  Time since last request: 0.000023 seconds.
  path: Assets/Obi/Samples/Cloth/SampleResources/Models/ClothSheet.fbx
  artifactKey: Guid(a59c42320188c4432b095000f813a44f) Importer(815301076,1909f56bfc062723c751e8b465ee728b)
Start importing Assets/Obi/Samples/Cloth/SampleResources/Models/ClothSheet.fbx using Guid(a59c42320188c4432b095000f813a44f) Importer(815301076,1909f56bfc062723c751e8b465ee728b)  -> (artifact id: '724844c98872e94eb410d41b5dee690c') in 0.986681 seconds 
========================================================================
Received Import Request.
  Time since last request: 1.745957 seconds.
  path: Assets/Obi/Samples/Cloth/SampleResources/Models/Parachute.fbx
  artifactKey: Guid(8dd61c3fd36b149239674d6c5acea50f) Importer(815301076,1909f56bfc062723c751e8b465ee728b)
Start importing Assets/Obi/Samples/Cloth/SampleResources/Models/Parachute.fbx using Guid(8dd61c3fd36b149239674d6c5acea50f) Importer(815301076,1909f56bfc062723c751e8b465ee728b)  -> (artifact id: 'd394bb4a34f26352012526923300bc57') in 0.021526 seconds 
========================================================================
Received Import Request.
  Time since last request: 0.000021 seconds.
  path: Assets/Obi/Samples/Fluid/SampleResources/Models/rock.FBX
  artifactKey: Guid(7975a069e55e347eba1f960e4e8fdfcb) Importer(815301076,1909f56bfc062723c751e8b465ee728b)
Start importing Assets/Obi/Samples/Fluid/SampleResources/Models/rock.FBX using Guid(7975a069e55e347eba1f960e4e8fdfcb) Importer(815301076,1909f56bfc062723c751e8b465ee728b)  -> (artifact id: '6b3943115ab0a561a536bb8f52f73357') in 0.026120 seconds 
========================================================================
Received Import Request.
  Time since last request: 243.000792 seconds.
  path: Assets/Obi/Samples/Fluid/SampleResources/Materials/ClearFluid.mat
  artifactKey: Guid(9e73da5c9476a4310aa2b2891618960c) Importer(815301076,1909f56bfc062723c751e8b465ee728b)
Start importing Assets/Obi/Samples/Fluid/SampleResources/Materials/ClearFluid.mat using Guid(9e73da5c9476a4310aa2b2891618960c) Importer(815301076,1909f56bfc062723c751e8b465ee728b)  -> (artifact id: '168b8c4dad2ff4ad9c54167a5675a63f') in 0.094187 seconds 
========================================================================
Received Import Request.
  Time since last request: 0.000032 seconds.
  path: Assets/Obi/Samples/Fluid/SampleResources/Materials/RedHot.mat
  artifactKey: Guid(14884fb30f1c3444d8fc3c638af41170) Importer(815301076,1909f56bfc062723c751e8b465ee728b)
Start importing Assets/Obi/Samples/Fluid/SampleResources/Materials/RedHot.mat using Guid(14884fb30f1c3444d8fc3c638af41170) Importer(815301076,1909f56bfc062723c751e8b465ee728b)  -> (artifact id: '9850481ef36802365dccd4490e1837a3') in 0.023425 seconds 
========================================================================
Received Import Request.
  Time since last request: 0.000026 seconds.
  path: Assets/Obi/Samples/Fluid/SampleResources/Materials/FluidColorizer2.mat
  artifactKey: Guid(2e86e06c0d5f342febc9ac3548184b91) Importer(815301076,1909f56bfc062723c751e8b465ee728b)
Start importing Assets/Obi/Samples/Fluid/SampleResources/Materials/FluidColorizer2.mat using Guid(2e86e06c0d5f342febc9ac3548184b91) Importer(815301076,1909f56bfc062723c751e8b465ee728b)  -> (artifact id: '59c100fdffc540b0fc4cacab3b92d377') in 0.014278 seconds 
========================================================================
Received Import Request.
  Time since last request: 0.000032 seconds.
  path: Assets/Obi/Samples/Fluid/SampleResources/Materials/ThickFluid.mat
  artifactKey: Guid(9af2a6872096047c79c50fb85e1c521e) Importer(815301076,1909f56bfc062723c751e8b465ee728b)
Start importing Assets/Obi/Samples/Fluid/SampleResources/Materials/ThickFluid.mat using Guid(9af2a6872096047c79c50fb85e1c521e) Importer(815301076,1909f56bfc062723c751e8b465ee728b)  -> (artifact id: 'f42899015e25e7c2c70308e505ceaebe') in 0.017006 seconds 
========================================================================
Received Import Request.
  Time since last request: 0.000026 seconds.
  path: Assets/Obi/Samples/Fluid/SampleResources/Materials/Crystal.mat
  artifactKey: Guid(431821484134d4662955bcb30854aafd) Importer(815301076,1909f56bfc062723c751e8b465ee728b)
Start importing Assets/Obi/Samples/Fluid/SampleResources/Materials/Crystal.mat using Guid(431821484134d4662955bcb30854aafd) Importer(815301076,1909f56bfc062723c751e8b465ee728b)  -> (artifact id: 'f8a252c6a6be0215424f5877fd2cf0ba') in 0.412228 seconds 
Editor requested this worker to shutdown with reason: Scaling down because of idle timeout
AssetImportWorker is now disconnected from the server
Process exiting
Exiting without the bug reporter. Application will terminate with return code 0