Using pre-set license
Built from '2021.3/staging' branch; Version is '2021.3.16f1 (4016570cf34f) revision 4200023'; Using compiler version '192829333'; Build Type 'Release'
OS: 'Windows 11  (10.0.22621) 64bit CoreSingleLanguage' Language: 'es' Physical Memory: 16196 MB
BatchMode: 1, IsHumanControllingUs: 0, StartBugReporterOnCrash: 0, Is64bit: 1, IsPro: 1

COMMAND LINE ARGUMENTS:
C:\Program Files\Unity\Hub\Editor\2021.3.16f1\Editor\Unity.exe
-adb2
-batchMode
-noUpm
-name
AssetImportWorker2
-projectPath
D:/Mariana/Especialidad/06-Hapticos/Bueno/Unity_Connectivity-Implementation-master
-logFile
Logs/AssetImportWorker2.log
-srvPort
53167
Successfully changed project path to: D:/Mariana/Especialidad/06-Hapticos/Bueno/Unity_Connectivity-Implementation-master
D:/Mariana/Especialidad/06-Hapticos/Bueno/Unity_Connectivity-Implementation-master
[UnityMemory] Configuration Parameters - Can be set up in boot.config
    "memorysetup-bucket-allocator-granularity=16"
    "memorysetup-bucket-allocator-bucket-count=8"
    "memorysetup-bucket-allocator-block-size=33554432"
    "memorysetup-bucket-allocator-block-count=8"
    "memorysetup-main-allocator-block-size=16777216"
    "memorysetup-thread-allocator-block-size=16777216"
    "memorysetup-gfx-main-allocator-block-size=16777216"
    "memorysetup-gfx-thread-allocator-block-size=16777216"
    "memorysetup-cache-allocator-block-size=4194304"
    "memorysetup-typetree-allocator-block-size=2097152"
    "memorysetup-profiler-bucket-allocator-granularity=16"
    "memorysetup-profiler-bucket-allocator-bucket-count=8"
    "memorysetup-profiler-bucket-allocator-block-size=33554432"
    "memorysetup-profiler-bucket-allocator-block-count=8"
    "memorysetup-profiler-allocator-block-size=16777216"
    "memorysetup-profiler-editor-allocator-block-size=1048576"
    "memorysetup-temp-allocator-size-main=16777216"
    "memorysetup-job-temp-allocator-block-size=2097152"
    "memorysetup-job-temp-allocator-block-size-background=1048576"
    "memorysetup-job-temp-allocator-reduction-small-platforms=262144"
    "memorysetup-temp-allocator-size-background-worker=32768"
    "memorysetup-temp-allocator-size-job-worker=262144"
    "memorysetup-temp-allocator-size-preload-manager=33554432"
    "memorysetup-temp-allocator-size-nav-mesh-worker=65536"
    "memorysetup-temp-allocator-size-audio-worker=65536"
    "memorysetup-temp-allocator-size-cloud-worker=32768"
    "memorysetup-temp-allocator-size-gi-baking-worker=262144"
    "memorysetup-temp-allocator-size-gfx=262144"
Player connection [3168] Host "[IP] 192.168.68.114 [Port] 0 [Flags] 2 [Guid] 351378403 [EditorId] 351378403 [Version] 1048832 [Id] WindowsEditor(7,DESKTOP-4VQ8030) [Debug] 1 [PackageName] WindowsEditor [ProjectName] Editor" joined multi-casting on [225.0.0.222:54997]...

Player connection [3168] Host "[IP] 192.168.68.114 [Port] 0 [Flags] 2 [Guid] 351378403 [EditorId] 351378403 [Version] 1048832 [Id] WindowsEditor(7,DESKTOP-4VQ8030) [Debug] 1 [PackageName] WindowsEditor [ProjectName] Editor" joined alternative multi-casting on [225.0.0.222:34997]...

Refreshing native plugins compatible for Editor in 162.14 ms, found 4 plugins.
Preloading 0 native plugins for Editor in 0.00 ms.
Initialize engine version: 2021.3.16f1 (4016570cf34f)
[Subsystems] Discovering subsystems at path C:/Program Files/Unity/Hub/Editor/2021.3.16f1/Editor/Data/Resources/UnitySubsystems
[Subsystems] Discovering subsystems at path D:/Mariana/Especialidad/06-Hapticos/Bueno/Unity_Connectivity-Implementation-master/Assets
GfxDevice: creating device client; threaded=0; jobified=0
Direct3D:
    Version:  Direct3D 11.0 [level 11.1]
    Renderer: NVIDIA GeForce RTX 2060 (ID=0x1f11)
    Vendor:   NVIDIA
    VRAM:     5968 MB
    Driver:   31.0.15.2737
Initialize mono
Mono path[0] = 'C:/Program Files/Unity/Hub/Editor/2021.3.16f1/Editor/Data/Managed'
Mono path[1] = 'C:/Program Files/Unity/Hub/Editor/2021.3.16f1/Editor/Data/MonoBleedingEdge/lib/mono/unityjit-win32'
Mono config path = 'C:/Program Files/Unity/Hub/Editor/2021.3.16f1/Editor/Data/MonoBleedingEdge/etc'
Using monoOptions --debugger-agent=transport=dt_socket,embedding=1,server=y,suspend=n,address=127.0.0.1:56232
Begin MonoManager ReloadAssembly
Registering precompiled unity dll's ...
Register platform support module: C:/Program Files/Unity/Hub/Editor/2021.3.16f1/Editor/Data/PlaybackEngines/WebGLSupport/UnityEditor.WebGL.Extensions.dll
Register platform support module: C:/Program Files/Unity/Hub/Editor/2021.3.16f1/Editor/Data/PlaybackEngines/WindowsStandaloneSupport/UnityEditor.WindowsStandalone.Extensions.dll
Registered in 0.015939 seconds.
Native extension for WindowsStandalone target not found
Native extension for WebGL target not found
Refreshing native plugins compatible for Editor in 89.79 ms, found 4 plugins.
Preloading 0 native plugins for Editor in 0.00 ms.
Mono: successfully reloaded assembly
- Completed reload, in  1.497 seconds
Domain Reload Profiling:
	ReloadAssembly (1498ms)
		BeginReloadAssembly (175ms)
			ExecutionOrderSort (0ms)
			DisableScriptedObjects (0ms)
			BackupInstance (0ms)
			ReleaseScriptingObjects (0ms)
			CreateAndSetChildDomain (2ms)
		EndReloadAssembly (1030ms)
			LoadAssemblies (171ms)
			RebuildTransferFunctionScriptingTraits (0ms)
			SetupTypeCache (252ms)
			ReleaseScriptCaches (0ms)
			RebuildScriptCaches (77ms)
			SetupLoadedEditorAssemblies (568ms)
				LogAssemblyErrors (0ms)
				InitializePlatformSupportModulesInManaged (21ms)
				SetLoadedEditorAssemblies (0ms)
				RefreshPlugins (90ms)
				BeforeProcessingInitializeOnLoad (3ms)
				ProcessInitializeOnLoadAttributes (342ms)
				ProcessInitializeOnLoadMethodAttributes (111ms)
				AfterProcessingInitializeOnLoad (0ms)
				EditorAssembliesLoaded (0ms)
			ExecutionOrderSort2 (0ms)
			AwakeInstancesAfterBackupRestoration (0ms)
Platform modules already initialized, skipping
Registering precompiled user dll's ...
Registered in 0.012173 seconds.
Begin MonoManager ReloadAssembly
Native extension for WindowsStandalone target not found
Native extension for WebGL target not found
Refreshing native plugins compatible for Editor in 1.25 ms, found 4 plugins.
Preloading 0 native plugins for Editor in 0.00 ms.
Package Manager log level set to [2]
Mono: successfully reloaded assembly
- Completed reload, in  2.702 seconds
Domain Reload Profiling:
	ReloadAssembly (2704ms)
		BeginReloadAssembly (265ms)
			ExecutionOrderSort (0ms)
			DisableScriptedObjects (15ms)
			BackupInstance (0ms)
			ReleaseScriptingObjects (0ms)
			CreateAndSetChildDomain (45ms)
		EndReloadAssembly (2166ms)
			LoadAssemblies (199ms)
			RebuildTransferFunctionScriptingTraits (0ms)
			SetupTypeCache (454ms)
			ReleaseScriptCaches (1ms)
			RebuildScriptCaches (118ms)
			SetupLoadedEditorAssemblies (1296ms)
				LogAssemblyErrors (0ms)
				InitializePlatformSupportModulesInManaged (15ms)
				SetLoadedEditorAssemblies (1ms)
				RefreshPlugins (1ms)
				BeforeProcessingInitializeOnLoad (194ms)
				ProcessInitializeOnLoadAttributes (694ms)
				ProcessInitializeOnLoadMethodAttributes (375ms)
				AfterProcessingInitializeOnLoad (15ms)
				EditorAssembliesLoaded (0ms)
			ExecutionOrderSort2 (0ms)
			AwakeInstancesAfterBackupRestoration (15ms)
Platform modules already initialized, skipping
========================================================================
Worker process is ready to serve import requests
Launched and connected shader compiler UnityShaderCompiler.exe after 0.10 seconds
Refreshing native plugins compatible for Editor in 1.42 ms, found 4 plugins.
Preloading 0 native plugins for Editor in 0.00 ms.
Unloading 2413 Unused Serialized files (Serialized files now loaded: 0)
Unloading 62 unused Assets / (57.1 KB). Loaded Objects now: 2846.
Memory consumption went from 92.7 MB to 92.6 MB.
Total: 16.444800 ms (FindLiveObjects: 0.354900 ms CreateObjectMapping: 0.260100 ms MarkObjects: 15.680200 ms  DeleteObjects: 0.147500 ms)

AssetImportParameters requested are different than current active one (requested -> active):
  custom:video-decoder-ogg-theora: a1e56fd34408186e4bbccfd4996cb3dc -> 
  custom:container-muxer-webm: aa71ff27fc2769a1b78a27578f13a17b -> 
  custom:container-demuxer-webm: 4f35f7cbe854078d1ac9338744f61a02 -> 
  custom:video-encoder-webm-vp8: eb34c28f22e8b96e1ab97ce403110664 -> 
  custom:audio-encoder-webm-vorbis: bf7c407c2cedff20999df2af8eb42d56 -> 
  custom:framework-win-MediaFoundation: 216162199b28c13a410421893ffa2e32 -> 
  custom:container-demuxer-ogg: 62fdf1f143b41e24485cea50d1cbac27 -> 
  custom:video-decoder-webm-vp8: 9c59270c3fd7afecdb556c50c9e8de78 -> 
  custom:audio-decoder-ogg-vorbis: bf7c407c2cedff20999df2af8eb42d56 -> 
========================================================================
Received Import Request.
  Time since last request: 2447.581831 seconds.
  path: Packages/com.unity.ide.vscode/package.json
  artifactKey: Guid(ffc6271f08270b64ca0aae9c49235d81) Importer(815301076,1909f56bfc062723c751e8b465ee728b)
Start importing Packages/com.unity.ide.vscode/package.json using Guid(ffc6271f08270b64ca0aae9c49235d81) Importer(815301076,1909f56bfc062723c751e8b465ee728b)  -> (artifact id: '9797d3eb575af519a91cff9ea5b73f84') in 0.091982 seconds 
========================================================================
Received Import Request.
  Time since last request: 1.878650 seconds.
  path: Packages/com.unity.textmeshpro/package.json
  artifactKey: Guid(220e9325710f4235a43492dd1ee4980d) Importer(815301076,1909f56bfc062723c751e8b465ee728b)
Start importing Packages/com.unity.textmeshpro/package.json using Guid(220e9325710f4235a43492dd1ee4980d) Importer(815301076,1909f56bfc062723c751e8b465ee728b)  -> (artifact id: '7f445814511be1caffb984507b3a4793') in 0.005078 seconds 
========================================================================
Received Import Request.
  Time since last request: 3.289435 seconds.
  path: Packages/com.unity.ide.visualstudio/package.json
  artifactKey: Guid(656f74f6edaa396458412b9e3903d8cd) Importer(815301076,1909f56bfc062723c751e8b465ee728b)
Start importing Packages/com.unity.ide.visualstudio/package.json using Guid(656f74f6edaa396458412b9e3903d8cd) Importer(815301076,1909f56bfc062723c751e8b465ee728b)  -> (artifact id: 'c3a6fe80ef80b39105b474244533a99c') in 0.005073 seconds 
========================================================================
Received Import Request.
  Time since last request: 2.668726 seconds.
  path: Packages/com.unity.2d.sprite/package.json
  artifactKey: Guid(7dc5f1e5d04ac8549ac21802071e983b) Importer(815301076,1909f56bfc062723c751e8b465ee728b)
Start importing Packages/com.unity.2d.sprite/package.json using Guid(7dc5f1e5d04ac8549ac21802071e983b) Importer(815301076,1909f56bfc062723c751e8b465ee728b)  -> (artifact id: '5ab794777eb78032da916509d57055a4') in 0.005589 seconds 
========================================================================
Received Import Request.
  Time since last request: 6.790701 seconds.
  path: Assets/DinV/Dynamic Space Background
  artifactKey: Guid(cfbbfb20b2395ec48ba47f1f035266d3) Importer(815301076,1909f56bfc062723c751e8b465ee728b)
Start importing Assets/DinV/Dynamic Space Background using Guid(cfbbfb20b2395ec48ba47f1f035266d3) Importer(815301076,1909f56bfc062723c751e8b465ee728b)  -> (artifact id: 'f2e68724e7a2b28ff1c98a23b2f46d8a') in 0.013839 seconds 
========================================================================
Received Import Request.
  Time since last request: 0.990100 seconds.
  path: Assets/DinV/Dynamic Space Background/Sprites
  artifactKey: Guid(3ec1885b01800f2418a75597e3cc12b1) Importer(815301076,1909f56bfc062723c751e8b465ee728b)
Start importing Assets/DinV/Dynamic Space Background/Sprites using Guid(3ec1885b01800f2418a75597e3cc12b1) Importer(815301076,1909f56bfc062723c751e8b465ee728b)  -> (artifact id: 'a7a75828784e358d05bfdd7e0aa96140') in 0.012344 seconds 
========================================================================
Received Import Request.
  Time since last request: 0.016161 seconds.
  path: Assets/DinV/Dynamic Space Background/Sprites/Nebula Aqua-Pink.png
  artifactKey: Guid(d9b31ebd60af68c469212c1a9f513e74) Importer(815301076,1909f56bfc062723c751e8b465ee728b)
Start importing Assets/DinV/Dynamic Space Background/Sprites/Nebula Aqua-Pink.png using Guid(d9b31ebd60af68c469212c1a9f513e74) Importer(815301076,1909f56bfc062723c751e8b465ee728b)  -> (artifact id: '8c0c2e69983bbe40ab97eb1372476e3a') in 0.948076 seconds 
========================================================================
Received Import Request.
  Time since last request: 0.000053 seconds.
  path: Assets/DinV/Dynamic Space Background/Sprites/Stars-Big_1.png
  artifactKey: Guid(c6944f9f15bd0ca4087bcdf033f0e162) Importer(815301076,1909f56bfc062723c751e8b465ee728b)
Start importing Assets/DinV/Dynamic Space Background/Sprites/Stars-Big_1.png using Guid(c6944f9f15bd0ca4087bcdf033f0e162) Importer(815301076,1909f56bfc062723c751e8b465ee728b)  -> (artifact id: 'd75b17d6a071c05901ca9068348f1c56') in 0.498846 seconds 
========================================================================
Received Import Request.
  Time since last request: 0.000055 seconds.
  path: Assets/DinV/Dynamic Space Background/Sprites/Stars Small_1.png
  artifactKey: Guid(efe6ce32a6a4408489775c70e5d32f11) Importer(815301076,1909f56bfc062723c751e8b465ee728b)
Start importing Assets/DinV/Dynamic Space Background/Sprites/Stars Small_1.png using Guid(efe6ce32a6a4408489775c70e5d32f11) Importer(815301076,1909f56bfc062723c751e8b465ee728b)  -> (artifact id: 'ca8cc836a5f710ca2d3ccf69e78357fe') in 1.886305 seconds 
========================================================================
Received Import Request.
  Time since last request: 262.149258 seconds.
  path: Assets/Materials
  artifactKey: Guid(c0c8ed8928a4e0d41ade9cc04f3cd63f) Importer(815301076,1909f56bfc062723c751e8b465ee728b)
Start importing Assets/Materials using Guid(c0c8ed8928a4e0d41ade9cc04f3cd63f) Importer(815301076,1909f56bfc062723c751e8b465ee728b)  -> (artifact id: 'f71e501bb2b729eadc603ba3af9935df') in 0.017091 seconds 
========================================================================
Received Import Request.
  Time since last request: 9.045558 seconds.
  path: Assets/Materials/Red.mat
  artifactKey: Guid(0316d67f0f94bbf4e88e726771b9ee1d) Importer(815301076,1909f56bfc062723c751e8b465ee728b)
Start importing Assets/Materials/Red.mat using Guid(0316d67f0f94bbf4e88e726771b9ee1d) Importer(815301076,1909f56bfc062723c751e8b465ee728b)  -> (artifact id: '3212b45e86278e02e82d1b65796f035c') in 0.636084 seconds 
========================================================================
Received Import Request.
  Time since last request: 16.374335 seconds.
  path: Assets/Materials/Red 1.mat
  artifactKey: Guid(3c3fcb6bded112c4d98aa2a3059fbcc7) Importer(815301076,1909f56bfc062723c751e8b465ee728b)
Start importing Assets/Materials/Red 1.mat using Guid(3c3fcb6bded112c4d98aa2a3059fbcc7) Importer(815301076,1909f56bfc062723c751e8b465ee728b)  -> (artifact id: '044bf556fa0ab3d2b739ede07c2a88e7') in 0.032020 seconds 
========================================================================
Received Import Request.
  Time since last request: 5.152489 seconds.
  path: Assets/Materials/Blue.mat
  artifactKey: Guid(3c3fcb6bded112c4d98aa2a3059fbcc7) Importer(815301076,1909f56bfc062723c751e8b465ee728b)
Start importing Assets/Materials/Blue.mat using Guid(3c3fcb6bded112c4d98aa2a3059fbcc7) Importer(815301076,1909f56bfc062723c751e8b465ee728b)  -> (artifact id: '7a2be00aed03d33305dcdc7a5f62829d') in 0.024770 seconds 
========================================================================
Received Import Request.
  Time since last request: 153.460552 seconds.
  path: Assets/Materials/Blue.mat
  artifactKey: Guid(3c3fcb6bded112c4d98aa2a3059fbcc7) Importer(815301076,1909f56bfc062723c751e8b465ee728b)
Start importing Assets/Materials/Blue.mat using Guid(3c3fcb6bded112c4d98aa2a3059fbcc7) Importer(815301076,1909f56bfc062723c751e8b465ee728b)  -> (artifact id: '18eace6f13477bfb2308a8bb5f7da0d9') in 0.031254 seconds 
