Using pre-set license
Built from '2021.3/staging' branch; Version is '2021.3.16f1 (4016570cf34f) revision 4200023'; Using compiler version '192829333'; Build Type 'Release'
OS: 'Windows 11  (10.0.22621) 64bit CoreSingleLanguage' Language: 'es' Physical Memory: 16196 MB
BatchMode: 1, IsHumanControllingUs: 0, StartBugReporterOnCrash: 0, Is64bit: 1, IsPro: 1

COMMAND LINE ARGUMENTS:
C:\Program Files\Unity\Hub\Editor\2021.3.16f1\Editor\Unity.exe
-adb2
-batchMode
-noUpm
-name
AssetImportWorker4
-projectPath
D:/Mariana/Especialidad/06-Hapticos/DispositivosHapticos/Unity_Connectivity-Implementation-master
-logFile
Logs/AssetImportWorker4.log
-srvPort
64068
Successfully changed project path to: D:/Mariana/Especialidad/06-Hapticos/DispositivosHapticos/Unity_Connectivity-Implementation-master
D:/Mariana/Especialidad/06-Hapticos/DispositivosHapticos/Unity_Connectivity-Implementation-master
[UnityMemory] Configuration Parameters - Can be set up in boot.config
    "memorysetup-bucket-allocator-granularity=16"
    "memorysetup-bucket-allocator-bucket-count=8"
    "memorysetup-bucket-allocator-block-size=33554432"
    "memorysetup-bucket-allocator-block-count=8"
    "memorysetup-main-allocator-block-size=16777216"
    "memorysetup-thread-allocator-block-size=16777216"
    "memorysetup-gfx-main-allocator-block-size=16777216"
    "memorysetup-gfx-thread-allocator-block-size=16777216"
    "memorysetup-cache-allocator-block-size=4194304"
    "memorysetup-typetree-allocator-block-size=2097152"
    "memorysetup-profiler-bucket-allocator-granularity=16"
    "memorysetup-profiler-bucket-allocator-bucket-count=8"
    "memorysetup-profiler-bucket-allocator-block-size=33554432"
    "memorysetup-profiler-bucket-allocator-block-count=8"
    "memorysetup-profiler-allocator-block-size=16777216"
    "memorysetup-profiler-editor-allocator-block-size=1048576"
    "memorysetup-temp-allocator-size-main=16777216"
    "memorysetup-job-temp-allocator-block-size=2097152"
    "memorysetup-job-temp-allocator-block-size-background=1048576"
    "memorysetup-job-temp-allocator-reduction-small-platforms=262144"
    "memorysetup-temp-allocator-size-background-worker=32768"
    "memorysetup-temp-allocator-size-job-worker=262144"
    "memorysetup-temp-allocator-size-preload-manager=33554432"
    "memorysetup-temp-allocator-size-nav-mesh-worker=65536"
    "memorysetup-temp-allocator-size-audio-worker=65536"
    "memorysetup-temp-allocator-size-cloud-worker=32768"
    "memorysetup-temp-allocator-size-gi-baking-worker=262144"
    "memorysetup-temp-allocator-size-gfx=262144"
Player connection [10120] Host "[IP] 192.168.68.116 [Port] 0 [Flags] 2 [Guid] 1120534354 [EditorId] 1120534354 [Version] 1048832 [Id] WindowsEditor(7,DESKTOP-4VQ8030) [Debug] 1 [PackageName] WindowsEditor [ProjectName] Editor" joined multi-casting on [225.0.0.222:54997]...

Player connection [10120] Host "[IP] 192.168.68.116 [Port] 0 [Flags] 2 [Guid] 1120534354 [EditorId] 1120534354 [Version] 1048832 [Id] WindowsEditor(7,DESKTOP-4VQ8030) [Debug] 1 [PackageName] WindowsEditor [ProjectName] Editor" joined alternative multi-casting on [225.0.0.222:34997]...

Refreshing native plugins compatible for Editor in 80.45 ms, found 5 plugins.
Preloading 0 native plugins for Editor in 0.00 ms.
Initialize engine version: 2021.3.16f1 (4016570cf34f)
[Subsystems] Discovering subsystems at path C:/Program Files/Unity/Hub/Editor/2021.3.16f1/Editor/Data/Resources/UnitySubsystems
[Subsystems] Discovering subsystems at path D:/Mariana/Especialidad/06-Hapticos/DispositivosHapticos/Unity_Connectivity-Implementation-master/Assets
GfxDevice: creating device client; threaded=0; jobified=0
Direct3D:
    Version:  Direct3D 11.0 [level 11.1]
    Renderer: NVIDIA GeForce RTX 2060 (ID=0x1f11)
    Vendor:   NVIDIA
    VRAM:     5968 MB
    Driver:   31.0.15.2737
Initialize mono
Mono path[0] = 'C:/Program Files/Unity/Hub/Editor/2021.3.16f1/Editor/Data/Managed'
Mono path[1] = 'C:/Program Files/Unity/Hub/Editor/2021.3.16f1/Editor/Data/MonoBleedingEdge/lib/mono/unityjit-win32'
Mono config path = 'C:/Program Files/Unity/Hub/Editor/2021.3.16f1/Editor/Data/MonoBleedingEdge/etc'
Using monoOptions --debugger-agent=transport=dt_socket,embedding=1,server=y,suspend=n,address=127.0.0.1:56664
Begin MonoManager ReloadAssembly
Registering precompiled unity dll's ...
Register platform support module: C:/Program Files/Unity/Hub/Editor/2021.3.16f1/Editor/Data/PlaybackEngines/WebGLSupport/UnityEditor.WebGL.Extensions.dll
Register platform support module: C:/Program Files/Unity/Hub/Editor/2021.3.16f1/Editor/Data/PlaybackEngines/WindowsStandaloneSupport/UnityEditor.WindowsStandalone.Extensions.dll
Registered in 0.004989 seconds.
Native extension for WindowsStandalone target not found
Native extension for WebGL target not found
Refreshing native plugins compatible for Editor in 48.26 ms, found 5 plugins.
Preloading 0 native plugins for Editor in 0.00 ms.
Mono: successfully reloaded assembly
- Completed reload, in  0.596 seconds
Domain Reload Profiling:
	ReloadAssembly (597ms)
		BeginReloadAssembly (70ms)
			ExecutionOrderSort (0ms)
			DisableScriptedObjects (0ms)
			BackupInstance (0ms)
			ReleaseScriptingObjects (0ms)
			CreateAndSetChildDomain (1ms)
		EndReloadAssembly (421ms)
			LoadAssemblies (68ms)
			RebuildTransferFunctionScriptingTraits (0ms)
			SetupTypeCache (102ms)
			ReleaseScriptCaches (0ms)
			RebuildScriptCaches (29ms)
			SetupLoadedEditorAssemblies (241ms)
				LogAssemblyErrors (0ms)
				InitializePlatformSupportModulesInManaged (8ms)
				SetLoadedEditorAssemblies (0ms)
				RefreshPlugins (48ms)
				BeforeProcessingInitializeOnLoad (1ms)
				ProcessInitializeOnLoadAttributes (138ms)
				ProcessInitializeOnLoadMethodAttributes (45ms)
				AfterProcessingInitializeOnLoad (0ms)
				EditorAssembliesLoaded (0ms)
			ExecutionOrderSort2 (0ms)
			AwakeInstancesAfterBackupRestoration (0ms)
Platform modules already initialized, skipping
Registering precompiled user dll's ...
Registered in 0.004871 seconds.
Begin MonoManager ReloadAssembly
Native extension for WindowsStandalone target not found
Native extension for WebGL target not found
Refreshing native plugins compatible for Editor in 0.95 ms, found 5 plugins.
Preloading 0 native plugins for Editor in 0.00 ms.
[ScriptCompilation] NOT recompiling all scripts because this is an import worker process. Reason to compile was: Define symbols changed
Package Manager log level set to [2]
Mono: successfully reloaded assembly
- Completed reload, in  1.662 seconds
Domain Reload Profiling:
	ReloadAssembly (1663ms)
		BeginReloadAssembly (107ms)
			ExecutionOrderSort (0ms)
			DisableScriptedObjects (6ms)
			BackupInstance (0ms)
			ReleaseScriptingObjects (0ms)
			CreateAndSetChildDomain (19ms)
		EndReloadAssembly (1426ms)
			LoadAssemblies (81ms)
			RebuildTransferFunctionScriptingTraits (0ms)
			SetupTypeCache (194ms)
			ReleaseScriptCaches (1ms)
			RebuildScriptCaches (55ms)
			SetupLoadedEditorAssemblies (1055ms)
				LogAssemblyErrors (0ms)
				InitializePlatformSupportModulesInManaged (574ms)
				SetLoadedEditorAssemblies (2ms)
				RefreshPlugins (1ms)
				BeforeProcessingInitializeOnLoad (105ms)
				ProcessInitializeOnLoadAttributes (234ms)
				ProcessInitializeOnLoadMethodAttributes (134ms)
				AfterProcessingInitializeOnLoad (6ms)
				EditorAssembliesLoaded (0ms)
			ExecutionOrderSort2 (0ms)
			AwakeInstancesAfterBackupRestoration (7ms)
Platform modules already initialized, skipping
========================================================================
Worker process is ready to serve import requests
Launched and connected shader compiler UnityShaderCompiler.exe after 0.04 seconds
Refreshing native plugins compatible for Editor in 0.78 ms, found 5 plugins.
Preloading 0 native plugins for Editor in 0.00 ms.
Unloading 3045 Unused Serialized files (Serialized files now loaded: 0)
Unloading 79 unused Assets / (184.3 KB). Loaded Objects now: 3463.
Memory consumption went from 119.3 MB to 119.2 MB.
Total: 5.699900 ms (FindLiveObjects: 0.228000 ms CreateObjectMapping: 0.165200 ms MarkObjects: 5.169900 ms  DeleteObjects: 0.136100 ms)

AssetImportParameters requested are different than current active one (requested -> active):
  custom:video-decoder-ogg-theora: a1e56fd34408186e4bbccfd4996cb3dc -> 
  custom:container-muxer-webm: aa71ff27fc2769a1b78a27578f13a17b -> 
  custom:container-demuxer-webm: 4f35f7cbe854078d1ac9338744f61a02 -> 
  custom:video-encoder-webm-vp8: eb34c28f22e8b96e1ab97ce403110664 -> 
  custom:audio-encoder-webm-vorbis: bf7c407c2cedff20999df2af8eb42d56 -> 
  custom:framework-win-MediaFoundation: 216162199b28c13a410421893ffa2e32 -> 
  custom:container-demuxer-ogg: 62fdf1f143b41e24485cea50d1cbac27 -> 
  custom:video-decoder-webm-vp8: 9c59270c3fd7afecdb556c50c9e8de78 -> 
  custom:audio-decoder-ogg-vorbis: bf7c407c2cedff20999df2af8eb42d56 -> 
========================================================================
Received Import Request.
  Time since last request: 2743443.323838 seconds.
  path: Assets/Obi/Samples/Cloth/SampleResources/Models/Ribbon.fbx
  artifactKey: Guid(3bbb77aa1738f4f3987ad50362c425d2) Importer(815301076,1909f56bfc062723c751e8b465ee728b)
Start importing Assets/Obi/Samples/Cloth/SampleResources/Models/Ribbon.fbx using Guid(3bbb77aa1738f4f3987ad50362c425d2) Importer(815301076,1909f56bfc062723c751e8b465ee728b)  -> (artifact id: 'f6ba9d9a35f959efa04de167405a1724') in 0.166464 seconds 
========================================================================
Received Import Request.
  Time since last request: 242.887901 seconds.
  path: Assets/Obi/Samples/Fluid/SampleResources/Materials/Chrome.mat
  artifactKey: Guid(7ed536c1aaf4745588bca2cf255e56f2) Importer(815301076,1909f56bfc062723c751e8b465ee728b)
Start importing Assets/Obi/Samples/Fluid/SampleResources/Materials/Chrome.mat using Guid(7ed536c1aaf4745588bca2cf255e56f2) Importer(815301076,1909f56bfc062723c751e8b465ee728b)  -> (artifact id: '78463205e81349a58d80e2d8ccfc6a7d') in 0.023229 seconds 
========================================================================
Received Import Request.
  Time since last request: 0.000026 seconds.
  path: Assets/Obi/Samples/Fluid/SampleResources/Materials/DiffuseParticles.mat
  artifactKey: Guid(b1178ba8e211449f78a67312ca5589d0) Importer(815301076,1909f56bfc062723c751e8b465ee728b)
Start importing Assets/Obi/Samples/Fluid/SampleResources/Materials/DiffuseParticles.mat using Guid(b1178ba8e211449f78a67312ca5589d0) Importer(815301076,1909f56bfc062723c751e8b465ee728b)  -> (artifact id: '91403b96dd6b965444f19f170063912c') in 0.051467 seconds 
========================================================================
Received Import Request.
  Time since last request: 0.000029 seconds.
  path: Assets/Obi/Samples/Fluid/SampleResources/Materials/FluidColorizer.mat
  artifactKey: Guid(3bbec1b3783f4407488d3f44245609af) Importer(815301076,1909f56bfc062723c751e8b465ee728b)
Start importing Assets/Obi/Samples/Fluid/SampleResources/Materials/FluidColorizer.mat using Guid(3bbec1b3783f4407488d3f44245609af) Importer(815301076,1909f56bfc062723c751e8b465ee728b)  -> (artifact id: '2989e2674010ba0acc29c4e9e3754d0a') in 0.018352 seconds 
========================================================================
Received Import Request.
  Time since last request: 0.000048 seconds.
  path: Assets/Obi/Samples/Fluid/SampleResources/Materials/RockInstanced.mat
  artifactKey: Guid(fe6bc9ee96c8b41b683608b876b11168) Importer(815301076,1909f56bfc062723c751e8b465ee728b)
Start importing Assets/Obi/Samples/Fluid/SampleResources/Materials/RockInstanced.mat using Guid(fe6bc9ee96c8b41b683608b876b11168) Importer(815301076,1909f56bfc062723c751e8b465ee728b)  -> (artifact id: '3b7facf25e70f6e09aca3f089512acd8') in 0.423250 seconds 
========================================================================
Received Import Request.
  Time since last request: 0.000023 seconds.
  path: Assets/Obi/Samples/Fluid/SampleResources/Materials/DiffuseParticlesMult.mat
  artifactKey: Guid(d2c9812bce9d64e07ba614d8e076e5b1) Importer(815301076,1909f56bfc062723c751e8b465ee728b)
Start importing Assets/Obi/Samples/Fluid/SampleResources/Materials/DiffuseParticlesMult.mat using Guid(d2c9812bce9d64e07ba614d8e076e5b1) Importer(815301076,1909f56bfc062723c751e8b465ee728b)  -> (artifact id: 'e4f9064ef4dc409af84d52dee991a38c') in 0.038002 seconds 
========================================================================
Received Import Request.
  Time since last request: 0.000027 seconds.
  path: Assets/Obi/Samples/Fluid/SampleResources/Materials/StandardPerInstanceColor.shader
  artifactKey: Guid(301c97d7892714ada9887f712bed2d53) Importer(815301076,1909f56bfc062723c751e8b465ee728b)
Start importing Assets/Obi/Samples/Fluid/SampleResources/Materials/StandardPerInstanceColor.shader using Guid(301c97d7892714ada9887f712bed2d53) Importer(815301076,1909f56bfc062723c751e8b465ee728b)  -> (artifact id: '5590c2f7cfc5070284adc83f56f3ec31') in 0.008616 seconds 
========================================================================
Received Import Request.
  Time since last request: 155.868960 seconds.
  path: Assets/Scenes/Pulley_ReleaseCandidate.unity
  artifactKey: Guid(40b190cd344a7b54d80cccd586dbd928) Importer(815301076,1909f56bfc062723c751e8b465ee728b)
Start importing Assets/Scenes/Pulley_ReleaseCandidate.unity using Guid(40b190cd344a7b54d80cccd586dbd928) Importer(815301076,1909f56bfc062723c751e8b465ee728b)  -> (artifact id: '6edb6c13358c02b5c6c509768982ce3c') in 0.006948 seconds 
========================================================================
Received Import Request.
  Time since last request: 3.422740 seconds.
  path: Assets/Obi/Samples/Common/SampleResources/Materials/CoarseChecker.mat
  artifactKey: Guid(e78e1b735e05b4dee88b279cb6997001) Importer(815301076,1909f56bfc062723c751e8b465ee728b)
Start importing Assets/Obi/Samples/Common/SampleResources/Materials/CoarseChecker.mat using Guid(e78e1b735e05b4dee88b279cb6997001) Importer(815301076,1909f56bfc062723c751e8b465ee728b)  -> (artifact id: 'fd5a9e8be6d1fedf286b136814309806') in 0.122486 seconds 
========================================================================
Received Import Request.
  Time since last request: 133.394870 seconds.
  path: Assets/TextMesh Pro/Resources/Fonts & Materials/LiberationSans SDF.asset
  artifactKey: Guid(8f586378b4e144a9851e7b34d9b748ee) Importer(815301076,1909f56bfc062723c751e8b465ee728b)
Start importing Assets/TextMesh Pro/Resources/Fonts & Materials/LiberationSans SDF.asset using Guid(8f586378b4e144a9851e7b34d9b748ee) Importer(815301076,1909f56bfc062723c751e8b465ee728b)  -> (artifact id: 'c005cc6096ee90ac04a5c89fbcb5bfad') in 0.520965 seconds 
========================================================================
Received Import Request.
  Time since last request: 278.358566 seconds.
  path: Assets/Scenes/05-Temp Scene.unity
  artifactKey: Guid(6db0897b8d4c60e4a93a0eb8ace87e1b) Importer(815301076,1909f56bfc062723c751e8b465ee728b)
Start importing Assets/Scenes/05-Temp Scene.unity using Guid(6db0897b8d4c60e4a93a0eb8ace87e1b) Importer(815301076,1909f56bfc062723c751e8b465ee728b)  -> (artifact id: '77c1b02e760104350996231280ce1046') in 0.007722 seconds 
========================================================================
Received Import Request.
  Time since last request: 354.357894 seconds.
  path: Assets/TextMesh Pro/Examples & Extras/Resources/Fonts & Materials/Roboto-Bold SDF.asset
  artifactKey: Guid(5302535af1044152a457ed104f1f4b91) Importer(815301076,1909f56bfc062723c751e8b465ee728b)
Start importing Assets/TextMesh Pro/Examples & Extras/Resources/Fonts & Materials/Roboto-Bold SDF.asset using Guid(5302535af1044152a457ed104f1f4b91) Importer(815301076,1909f56bfc062723c751e8b465ee728b)  -> (artifact id: 'e6ec642e5487c3e885912ca3aa4d3ee2') in 0.033175 seconds 
========================================================================
Received Import Request.
  Time since last request: 1593.923166 seconds.
  path: Assets/TextMesh Pro/Resources/Fonts & Materials/LiberationSans SDF - Drop Shadow.mat
  artifactKey: Guid(e73a58f6e2794ae7b1b7e50b7fb811b0) Importer(815301076,1909f56bfc062723c751e8b465ee728b)
Start importing Assets/TextMesh Pro/Resources/Fonts & Materials/LiberationSans SDF - Drop Shadow.mat using Guid(e73a58f6e2794ae7b1b7e50b7fb811b0) Importer(815301076,1909f56bfc062723c751e8b465ee728b)  -> (artifact id: 'bf09a156f3241e5cfd2afd276e0db4f6') in 0.196881 seconds 
========================================================================
Received Import Request.
  Time since last request: 0.000024 seconds.
  path: Assets/TextMesh Pro/Resources/Fonts & Materials/LiberationSans SDF - Outline.mat
  artifactKey: Guid(79459efec17a4d00a321bdcc27bbc385) Importer(815301076,1909f56bfc062723c751e8b465ee728b)
Start importing Assets/TextMesh Pro/Resources/Fonts & Materials/LiberationSans SDF - Outline.mat using Guid(79459efec17a4d00a321bdcc27bbc385) Importer(815301076,1909f56bfc062723c751e8b465ee728b)  -> (artifact id: '1c3750fc0e6d3243b6f3134e32d5d175') in 0.079599 seconds 
========================================================================
Received Import Request.
  Time since last request: 1.643599 seconds.
  path: Assets/TextMesh Pro/Examples & Extras/Resources/Fonts & Materials/Anton SDF.asset
  artifactKey: Guid(8a89fa14b10d46a99122fd4f73fca9a2) Importer(815301076,1909f56bfc062723c751e8b465ee728b)
Start importing Assets/TextMesh Pro/Examples & Extras/Resources/Fonts & Materials/Anton SDF.asset using Guid(8a89fa14b10d46a99122fd4f73fca9a2) Importer(815301076,1909f56bfc062723c751e8b465ee728b)  -> (artifact id: 'be9e517f8764af421370cf301c5c31c7') in 0.067681 seconds 
========================================================================
Received Import Request.
  Time since last request: 0.000019 seconds.
  path: Assets/TextMesh Pro/Examples & Extras/Resources/Fonts & Materials/Oswald Bold SDF.asset
  artifactKey: Guid(0161d805a3764c089bef00bfe00793f5) Importer(815301076,1909f56bfc062723c751e8b465ee728b)
Start importing Assets/TextMesh Pro/Examples & Extras/Resources/Fonts & Materials/Oswald Bold SDF.asset using Guid(0161d805a3764c089bef00bfe00793f5) Importer(815301076,1909f56bfc062723c751e8b465ee728b)  -> (artifact id: '9f9430a71c2d108e92a38982c181c2d4') in 0.048577 seconds 
========================================================================
Received Import Request.
  Time since last request: 4.199865 seconds.
  path: Assets/Obi/Samples/Softbody/SampleResources/Materials/ObstacleCourseBall.mat
  artifactKey: Guid(560e9008a424b43168d0283f825ad159) Importer(815301076,1909f56bfc062723c751e8b465ee728b)
Start importing Assets/Obi/Samples/Softbody/SampleResources/Materials/ObstacleCourseBall.mat using Guid(560e9008a424b43168d0283f825ad159) Importer(815301076,1909f56bfc062723c751e8b465ee728b)  -> (artifact id: '3036c043fa434fa15aeab54a35325e71') in 0.248321 seconds 
========================================================================
Received Import Request.
  Time since last request: 0.000023 seconds.
  path: Assets/Obi/Editor/Resources/UVSpaceColorMaterial.mat
  artifactKey: Guid(8d64d32033a9145218d8c42c02e53b63) Importer(815301076,1909f56bfc062723c751e8b465ee728b)
Start importing Assets/Obi/Editor/Resources/UVSpaceColorMaterial.mat using Guid(8d64d32033a9145218d8c42c02e53b63) Importer(815301076,1909f56bfc062723c751e8b465ee728b)  -> (artifact id: '2e52b92d39d5f8e9edd7b7324bcb5688') in 0.012048 seconds 
========================================================================
Received Import Request.
  Time since last request: 0.000031 seconds.
  path: Assets/Obi/Resources/ObiMaterials/Particle.mat
  artifactKey: Guid(fb972beb020dd4ff5ab78835f4393522) Importer(815301076,1909f56bfc062723c751e8b465ee728b)
Start importing Assets/Obi/Resources/ObiMaterials/Particle.mat using Guid(fb972beb020dd4ff5ab78835f4393522) Importer(815301076,1909f56bfc062723c751e8b465ee728b)  -> (artifact id: '648ad959e0c0a9df28bd05b687ea3426') in 0.015508 seconds 
========================================================================
Received Import Request.
  Time since last request: 0.000018 seconds.
  path: Assets/Obi/Samples/Common/SampleResources/Materials/Walls.mat
  artifactKey: Guid(22451ea3bd268401796b02a7b7573725) Importer(815301076,1909f56bfc062723c751e8b465ee728b)
Start importing Assets/Obi/Samples/Common/SampleResources/Materials/Walls.mat using Guid(22451ea3bd268401796b02a7b7573725) Importer(815301076,1909f56bfc062723c751e8b465ee728b)  -> (artifact id: 'b53a50874b8bd514b2daaa42d4874306') in 0.015770 seconds 
========================================================================
Received Import Request.
  Time since last request: 0.000034 seconds.
  path: Assets/Low-Poly Weapons/Models/Materials/Potions.mat
  artifactKey: Guid(6b051bc964265438b9edf8fb79c57ccb) Importer(815301076,1909f56bfc062723c751e8b465ee728b)
Start importing Assets/Low-Poly Weapons/Models/Materials/Potions.mat using Guid(6b051bc964265438b9edf8fb79c57ccb) Importer(815301076,1909f56bfc062723c751e8b465ee728b)  -> (artifact id: '3cbe05b10af1499194bfd14173c14c3d') in 0.107080 seconds 
========================================================================
Received Import Request.
  Time since last request: 0.000016 seconds.
  path: Assets/TextMesh Pro/Examples & Extras/Resources/Fonts & Materials/Roboto-Bold SDF - Drop Shadow.mat
  artifactKey: Guid(b246c4190f4e46ec9352fe15a7b09ce0) Importer(815301076,1909f56bfc062723c751e8b465ee728b)
Start importing Assets/TextMesh Pro/Examples & Extras/Resources/Fonts & Materials/Roboto-Bold SDF - Drop Shadow.mat using Guid(b246c4190f4e46ec9352fe15a7b09ce0) Importer(815301076,1909f56bfc062723c751e8b465ee728b)  -> (artifact id: 'bf44a55f810d30af0bef2803efecebec') in 0.028789 seconds 
========================================================================
Received Import Request.
  Time since last request: 0.000023 seconds.
  path: Assets/Obi/Samples/RopeAndRod/SampleResources/Materials/Snake.mat
  artifactKey: Guid(dbda366779bfb4406b2c60e70986d306) Importer(815301076,1909f56bfc062723c751e8b465ee728b)
Start importing Assets/Obi/Samples/RopeAndRod/SampleResources/Materials/Snake.mat using Guid(dbda366779bfb4406b2c60e70986d306) Importer(815301076,1909f56bfc062723c751e8b465ee728b)  -> (artifact id: '36090805c37c8785e823593b18bbca25') in 0.018171 seconds 
========================================================================
Received Import Request.
  Time since last request: 0.000035 seconds.
  path: Assets/Obi/Samples/Cloth/SampleResources/Materials/Sand.mat
  artifactKey: Guid(7727450742fd740d998c2b1a049438d9) Importer(815301076,1909f56bfc062723c751e8b465ee728b)
Start importing Assets/Obi/Samples/Cloth/SampleResources/Materials/Sand.mat using Guid(7727450742fd740d998c2b1a049438d9) Importer(815301076,1909f56bfc062723c751e8b465ee728b)  -> (artifact id: 'fbb87c65c72403494d19939c5a2d8dd9') in 0.018372 seconds 
========================================================================
Received Import Request.
  Time since last request: 0.000019 seconds.
  path: Assets/Obi/Samples/Common/SampleResources/Materials/VertexColors.mat
  artifactKey: Guid(f342c944c10cc4c9188a4f352c6a6eee) Importer(815301076,1909f56bfc062723c751e8b465ee728b)
Start importing Assets/Obi/Samples/Common/SampleResources/Materials/VertexColors.mat using Guid(f342c944c10cc4c9188a4f352c6a6eee) Importer(815301076,1909f56bfc062723c751e8b465ee728b)  -> (artifact id: '97e6804a9cee750b6b19c44b84b758b6') in 0.210116 seconds 
========================================================================
Received Import Request.
  Time since last request: 0.000023 seconds.
  path: Assets/Obi/Editor/Resources/TopologyPreviewBorder.mat
  artifactKey: Guid(83b0018e22cec4650b2f51e7b1cae99f) Importer(815301076,1909f56bfc062723c751e8b465ee728b)
Start importing Assets/Obi/Editor/Resources/TopologyPreviewBorder.mat using Guid(83b0018e22cec4650b2f51e7b1cae99f) Importer(815301076,1909f56bfc062723c751e8b465ee728b)  -> (artifact id: '7ad6e7c6963ad04a2bd6787b1954d753') in 0.035386 seconds 
========================================================================
Received Import Request.
  Time since last request: 0.000034 seconds.
  path: Assets/Obi/Editor/Resources/VoxelMaterial.mat
  artifactKey: Guid(130b71128e55b4a3f9a4dceca6667bf9) Importer(815301076,1909f56bfc062723c751e8b465ee728b)
Start importing Assets/Obi/Editor/Resources/VoxelMaterial.mat using Guid(130b71128e55b4a3f9a4dceca6667bf9) Importer(815301076,1909f56bfc062723c751e8b465ee728b)  -> (artifact id: 'cf2a56183385b8dea1912a22fcef9f58') in 0.010354 seconds 
========================================================================
Received Import Request.
  Time since last request: 0.000025 seconds.
  path: Assets/TextMesh Pro/Examples & Extras/Resources/Fonts & Materials/Roboto-Bold SDF - Surface.mat
  artifactKey: Guid(e6b276ec991f467aa14ef1f3cc665993) Importer(815301076,1909f56bfc062723c751e8b465ee728b)
Start importing Assets/TextMesh Pro/Examples & Extras/Resources/Fonts & Materials/Roboto-Bold SDF - Surface.mat using Guid(e6b276ec991f467aa14ef1f3cc665993) Importer(815301076,1909f56bfc062723c751e8b465ee728b)  -> (artifact id: 'a56af4382fb827159a0040819e855933') in 0.263420 seconds 
========================================================================
Received Import Request.
  Time since last request: 535.809950 seconds.
  path: Assets/TextMesh Pro/Examples & Extras/Resources/Fonts & Materials/Anton SDF - Drop Shadow.mat
  artifactKey: Guid(749b9069dc4742c5bfa5c74644049926) Importer(815301076,1909f56bfc062723c751e8b465ee728b)
Start importing Assets/TextMesh Pro/Examples & Extras/Resources/Fonts & Materials/Anton SDF - Drop Shadow.mat using Guid(749b9069dc4742c5bfa5c74644049926) Importer(815301076,1909f56bfc062723c751e8b465ee728b)  -> (artifact id: '88587f70fb99b37bb003ac7a72207d8b') in 0.382884 seconds 
========================================================================
Received Import Request.
  Time since last request: 0.000030 seconds.
  path: Assets/Obi/Samples/RopeAndRod/SampleResources/Materials/ChainRed.mat
  artifactKey: Guid(b74081a5a5bbf418ea9f95bfec18f393) Importer(815301076,1909f56bfc062723c751e8b465ee728b)
Start importing Assets/Obi/Samples/RopeAndRod/SampleResources/Materials/ChainRed.mat using Guid(b74081a5a5bbf418ea9f95bfec18f393) Importer(815301076,1909f56bfc062723c751e8b465ee728b)  -> (artifact id: '1179d6b125b3f11bd3cd7b2632b73b4a') in 0.013058 seconds 
========================================================================
Received Import Request.
  Time since last request: 0.000029 seconds.
  path: Assets/Obi/Editor/Resources/DistanceFieldPreview.mat
  artifactKey: Guid(5dde1f45f471c48a1a13fc4b8c0b5b43) Importer(815301076,1909f56bfc062723c751e8b465ee728b)
Start importing Assets/Obi/Editor/Resources/DistanceFieldPreview.mat using Guid(5dde1f45f471c48a1a13fc4b8c0b5b43) Importer(815301076,1909f56bfc062723c751e8b465ee728b)  -> (artifact id: 'a70476593b0991be302dd4fa13b55208') in 0.016932 seconds 
========================================================================
Received Import Request.
  Time since last request: 0.000020 seconds.
  path: Assets/Obi/Samples/Cloth/SampleResources/Materials/Ball.mat
  artifactKey: Guid(cd56bcd53b9e34298ae0aebe49a5c54a) Importer(815301076,1909f56bfc062723c751e8b465ee728b)
Start importing Assets/Obi/Samples/Cloth/SampleResources/Materials/Ball.mat using Guid(cd56bcd53b9e34298ae0aebe49a5c54a) Importer(815301076,1909f56bfc062723c751e8b465ee728b)  -> (artifact id: 'd92ed94f3824476bb21cd0314a3ec2e1') in 0.245586 seconds 
========================================================================
Received Import Request.
  Time since last request: 0.000024 seconds.
  path: Assets/TextMesh Pro/Examples & Extras/Materials/Crate - Surface Shader Scene.mat
  artifactKey: Guid(e6b9b44320f4448d9d5e0ee634259966) Importer(815301076,1909f56bfc062723c751e8b465ee728b)
Start importing Assets/TextMesh Pro/Examples & Extras/Materials/Crate - Surface Shader Scene.mat using Guid(e6b9b44320f4448d9d5e0ee634259966) Importer(815301076,1909f56bfc062723c751e8b465ee728b)  -> (artifact id: 'aba5f6b4ae64048a0fb894cd4f2c5802') in 0.263230 seconds 
========================================================================
Received Import Request.
  Time since last request: 0.000033 seconds.
  path: Assets/Obi/Editor/Resources/EditorLines.mat
  artifactKey: Guid(f3999384313644fe3b9ba16589efe636) Importer(815301076,1909f56bfc062723c751e8b465ee728b)
Start importing Assets/Obi/Editor/Resources/EditorLines.mat using Guid(f3999384313644fe3b9ba16589efe636) Importer(815301076,1909f56bfc062723c751e8b465ee728b)  -> (artifact id: 'b8ced869671015ec4a19f6a78ebf03df') in 0.012258 seconds 
========================================================================
Received Import Request.
  Time since last request: 0.000017 seconds.
  path: Assets/TextMesh Pro/Examples & Extras/Resources/Fonts & Materials/Bangers SDF Logo.mat
  artifactKey: Guid(f4e195ac1e204eff960149d1cb34e18c) Importer(815301076,1909f56bfc062723c751e8b465ee728b)
Start importing Assets/TextMesh Pro/Examples & Extras/Resources/Fonts & Materials/Bangers SDF Logo.mat using Guid(f4e195ac1e204eff960149d1cb34e18c) Importer(815301076,1909f56bfc062723c751e8b465ee728b)  -> (artifact id: '58f6f3c2a70f052d638b7281655e5333') in 0.280181 seconds 
========================================================================
Received Import Request.
  Time since last request: 0.000022 seconds.
  path: Assets/Obi/Editor/Resources/EditorParticle.mat
  artifactKey: Guid(8c668cf76c548481c80404cce80ab834) Importer(815301076,1909f56bfc062723c751e8b465ee728b)
Start importing Assets/Obi/Editor/Resources/EditorParticle.mat using Guid(8c668cf76c548481c80404cce80ab834) Importer(815301076,1909f56bfc062723c751e8b465ee728b)  -> (artifact id: '145bf7029db7941332efee1540f408f9') in 0.012071 seconds 
========================================================================
Received Import Request.
  Time since last request: 0.000031 seconds.
  path: Assets/Obi/Resources/ObiMaterials/DistanceFieldRendering.mat
  artifactKey: Guid(f6bf1245292ed43c78875db43ca1aad3) Importer(815301076,1909f56bfc062723c751e8b465ee728b)
Start importing Assets/Obi/Resources/ObiMaterials/DistanceFieldRendering.mat using Guid(f6bf1245292ed43c78875db43ca1aad3) Importer(815301076,1909f56bfc062723c751e8b465ee728b)  -> (artifact id: 'b64fb783c25466bc7c4a0df601696bdd') in 0.011071 seconds 
========================================================================
Received Import Request.
  Time since last request: 2.724311 seconds.
  path: Assets/Obi/Samples/Common/SampleResources/Materials/FinishLine.mat
  artifactKey: Guid(d3b93997453834b97a4e8f3df52e1068) Importer(815301076,1909f56bfc062723c751e8b465ee728b)
Start importing Assets/Obi/Samples/Common/SampleResources/Materials/FinishLine.mat using Guid(d3b93997453834b97a4e8f3df52e1068) Importer(815301076,1909f56bfc062723c751e8b465ee728b)  -> (artifact id: '9a9847c60970df1daca5701e1ef5b401') in 0.245319 seconds 
========================================================================
Received Import Request.
  Time since last request: 2.690778 seconds.
  path: Assets/TextMesh Pro/Examples & Extras/Fonts/Roboto-Bold.ttf
  artifactKey: Guid(4beb055f07aaff244873dec698d0363e) Importer(815301076,1909f56bfc062723c751e8b465ee728b)
Start importing Assets/TextMesh Pro/Examples & Extras/Fonts/Roboto-Bold.ttf using Guid(4beb055f07aaff244873dec698d0363e) Importer(815301076,1909f56bfc062723c751e8b465ee728b)  -> (artifact id: '556b69e757dbe8e2339a7e8575587732') in 0.080112 seconds 
========================================================================
Received Import Request.
  Time since last request: 0.000018 seconds.
  path: Assets/TextMesh Pro/Fonts/LiberationSans.ttf
  artifactKey: Guid(e3265ab4bf004d28a9537516768c1c75) Importer(815301076,1909f56bfc062723c751e8b465ee728b)
Start importing Assets/TextMesh Pro/Fonts/LiberationSans.ttf using Guid(e3265ab4bf004d28a9537516768c1c75) Importer(815301076,1909f56bfc062723c751e8b465ee728b)  -> (artifact id: '86e85d55384b22641579099d0f1ce7e8') in 0.017833 seconds 
========================================================================
Received Import Request.
  Time since last request: 0.000018 seconds.
  path: Assets/Obi/Resources/ObiMaterials/InstancedStandard.mat
  artifactKey: Guid(2b7dfa8ebb76247318ce5b7df4b97484) Importer(815301076,1909f56bfc062723c751e8b465ee728b)
Start importing Assets/Obi/Resources/ObiMaterials/InstancedStandard.mat using Guid(2b7dfa8ebb76247318ce5b7df4b97484) Importer(815301076,1909f56bfc062723c751e8b465ee728b)  -> (artifact id: 'f2fd8ad7f59b367015af403f09f058f9') in 1.285560 seconds 
========================================================================
Received Import Request.
  Time since last request: 0.000068 seconds.
  path: Assets/TextMesh Pro/Examples & Extras/Fonts/Anton.ttf
  artifactKey: Guid(997a43b767814dd0a7642ec9b78cba41) Importer(815301076,1909f56bfc062723c751e8b465ee728b)
Start importing Assets/TextMesh Pro/Examples & Extras/Fonts/Anton.ttf using Guid(997a43b767814dd0a7642ec9b78cba41) Importer(815301076,1909f56bfc062723c751e8b465ee728b)  -> (artifact id: 'd715a65cec22557af36e509655f99a14') in 0.023062 seconds 
========================================================================
Received Import Request.
  Time since last request: 12.590409 seconds.
  path: Assets/Images/arrow.png
  artifactKey: Guid(75061872181d37042aa18a087cd204e1) Importer(815301076,1909f56bfc062723c751e8b465ee728b)
Start importing Assets/Images/arrow.png using Guid(75061872181d37042aa18a087cd204e1) Importer(815301076,1909f56bfc062723c751e8b465ee728b)  -> (artifact id: '173283eef404d7d9a5eb2807c33a34ac') in 0.048385 seconds 
========================================================================
Received Import Request.
  Time since last request: 97.770193 seconds.
  path: Assets/Images/arrow2.png
  artifactKey: Guid(de69c13813fef1f4eb8e03a10b21ddad) Importer(815301076,1909f56bfc062723c751e8b465ee728b)
Start importing Assets/Images/arrow2.png using Guid(de69c13813fef1f4eb8e03a10b21ddad) Importer(815301076,1909f56bfc062723c751e8b465ee728b)  -> (artifact id: 'a2102094bcd8818ae6427ddf367ab368') in 0.013456 seconds 
========================================================================
Received Import Request.
  Time since last request: 3.239612 seconds.
  path: Assets/Images
  artifactKey: Guid(679a1279a6ceb4a4ea32a8059bb9c2b7) Importer(815301076,1909f56bfc062723c751e8b465ee728b)
Start importing Assets/Images using Guid(679a1279a6ceb4a4ea32a8059bb9c2b7) Importer(815301076,1909f56bfc062723c751e8b465ee728b)  -> (artifact id: '1e60ddeacea13cef55178fc2f45179f5') in 0.006394 seconds 
========================================================================
Received Import Request.
  Time since last request: 31.771210 seconds.
  path: Assets/Images/arrow2.png
  artifactKey: Guid(de69c13813fef1f4eb8e03a10b21ddad) Importer(815301076,1909f56bfc062723c751e8b465ee728b)
Start importing Assets/Images/arrow2.png using Guid(de69c13813fef1f4eb8e03a10b21ddad) Importer(815301076,1909f56bfc062723c751e8b465ee728b)  -> (artifact id: '4f4605fe7e23378ea84cebbbbf98510d') in 0.013056 seconds 
========================================================================
Received Import Request.
  Time since last request: 24.461099 seconds.
  path: Assets/Images/arrow2.png
  artifactKey: Guid(de69c13813fef1f4eb8e03a10b21ddad) Importer(815301076,1909f56bfc062723c751e8b465ee728b)
Start importing Assets/Images/arrow2.png using Guid(de69c13813fef1f4eb8e03a10b21ddad) Importer(815301076,1909f56bfc062723c751e8b465ee728b)  -> (artifact id: '039ff38d18843accc634d187a33e33f5') in 0.017240 seconds 
========================================================================
Received Import Request.
  Time since last request: 763.067029 seconds.
  path: Assets/Scenes
  artifactKey: Guid(30d030bc4d007a74cbe72ec23c5df711) Importer(815301076,1909f56bfc062723c751e8b465ee728b)
Start importing Assets/Scenes using Guid(30d030bc4d007a74cbe72ec23c5df711) Importer(815301076,1909f56bfc062723c751e8b465ee728b)  -> (artifact id: '9aaf97dcd8e381903d30d28bbf194bfe') in 0.006566 seconds 
